0 info it worked if it ends with ok
1 verbose cli [ '/usr/bin/node', '/usr/bin/npm', 'install', 'stylefmt' ]
2 info using npm@3.5.2
3 info using node@v8.10.0
4 silly loadCurrentTree Starting
5 silly install loadCurrentTree
6 silly install readLocalPackageData
7 silly fetchPackageMetaData stylefmt
8 silly fetchNamedPackageData stylefmt
9 silly mapToRegistry name stylefmt
10 silly mapToRegistry using default registry
11 silly mapToRegistry registry https://registry.npmjs.org/
12 silly mapToRegistry uri https://registry.npmjs.org/stylefmt
13 verbose request uri https://registry.npmjs.org/stylefmt
14 verbose request no auth needed
15 info attempt registry request try #1 at 12:42:23 AM
16 verbose request id 66c227583a8fdd34
17 http request GET https://registry.npmjs.org/stylefmt
18 http 200 https://registry.npmjs.org/stylefmt
19 verbose headers { date: 'Thu, 26 Nov 2020 00:42:35 GMT',
19 verbose headers   'content-type': 'application/json',
19 verbose headers   'transfer-encoding': 'chunked',
19 verbose headers   connection: 'keep-alive',
19 verbose headers   'set-cookie':
19 verbose headers    [ '__cfduid=d6464093989e12385822a0f82ed9842441606351354; expires=Sat, 26-Dec-20 00:42:34 GMT; path=/; domain=.npmjs.org; HttpOnly; SameSite=Lax' ],
19 verbose headers   'cf-ray': '5f7f91fb3912da82-LIS',
19 verbose headers   'cache-control': 'public, max-age=300',
19 verbose headers   etag: 'W/"661255e716e206e9f2424e0a53748ba9"',
19 verbose headers   'last-modified': 'Sat, 05 Jan 2019 13:44:29 GMT',
19 verbose headers   vary: 'accept-encoding, accept',
19 verbose headers   'cf-cache-status': 'MISS',
19 verbose headers   'cf-request-id': '06a39990ff0000da8293bc4000000001',
19 verbose headers   'expect-ct': 'max-age=604800, report-uri="https://report-uri.cloudflare.com/cdn-cgi/beacon/expect-ct"',
19 verbose headers   server: 'cloudflare',
19 verbose headers   'content-encoding': 'gzip' }
20 silly get cb [ 200,
20 silly get   { date: 'Thu, 26 Nov 2020 00:42:35 GMT',
20 silly get     'content-type': 'application/json',
20 silly get     'transfer-encoding': 'chunked',
20 silly get     connection: 'keep-alive',
20 silly get     'set-cookie':
20 silly get      [ '__cfduid=d6464093989e12385822a0f82ed9842441606351354; expires=Sat, 26-Dec-20 00:42:34 GMT; path=/; domain=.npmjs.org; HttpOnly; SameSite=Lax' ],
20 silly get     'cf-ray': '5f7f91fb3912da82-LIS',
20 silly get     'cache-control': 'public, max-age=300',
20 silly get     etag: 'W/"661255e716e206e9f2424e0a53748ba9"',
20 silly get     'last-modified': 'Sat, 05 Jan 2019 13:44:29 GMT',
20 silly get     vary: 'accept-encoding, accept',
20 silly get     'cf-cache-status': 'MISS',
20 silly get     'cf-request-id': '06a39990ff0000da8293bc4000000001',
20 silly get     'expect-ct': 'max-age=604800, report-uri="https://report-uri.cloudflare.com/cdn-cgi/beacon/expect-ct"',
20 silly get     server: 'cloudflare',
20 silly get     'content-encoding': 'gzip' } ]
21 verbose get saving stylefmt to /home/leandro/.npm/registry.npmjs.org/stylefmt/.cache.json
22 silly install normalizeTree
23 silly loadCurrentTree Finishing
24 silly loadIdealTree Starting
25 silly install loadIdealTree
26 silly cloneCurrentTree Starting
27 silly install cloneCurrentTreeToIdealTree
28 silly cloneCurrentTree Finishing
29 silly loadShrinkwrap Starting
30 silly install loadShrinkwrap
31 silly loadShrinkwrap Finishing
32 silly loadAllDepsIntoIdealTree Starting
33 silly install loadAllDepsIntoIdealTree
34 silly resolveWithNewModule stylefmt@6.0.3 checking installable status
35 silly cache add args [ 'stylefmt', null ]
36 verbose cache add spec stylefmt
37 silly cache add parsed spec Result {
37 silly cache add   raw: 'stylefmt',
37 silly cache add   scope: null,
37 silly cache add   name: 'stylefmt',
37 silly cache add   rawSpec: '',
37 silly cache add   spec: 'latest',
37 silly cache add   type: 'tag' }
38 silly addNamed stylefmt@latest
39 verbose addNamed "latest" is being treated as a dist-tag for stylefmt
40 info addNameTag [ 'stylefmt', 'latest' ]
41 silly mapToRegistry name stylefmt
42 silly mapToRegistry using default registry
43 silly mapToRegistry registry https://registry.npmjs.org/
44 silly mapToRegistry uri https://registry.npmjs.org/stylefmt
45 verbose addNameTag registry:https://registry.npmjs.org/stylefmt not in flight; fetching
46 verbose get https://registry.npmjs.org/stylefmt not expired, no request
47 silly addNameTag next cb for stylefmt with tag latest
48 silly addNamed stylefmt@6.0.3
49 verbose addNamed "6.0.3" is a plain semver version for stylefmt
50 silly mapToRegistry name stylefmt
51 silly mapToRegistry using default registry
52 silly mapToRegistry registry https://registry.npmjs.org/
53 silly mapToRegistry uri https://registry.npmjs.org/stylefmt
54 verbose addRemoteTarball https://registry.npmjs.org/stylefmt/-/stylefmt-6.0.3.tgz not in flight; adding
55 verbose addRemoteTarball [ 'https://registry.npmjs.org/stylefmt/-/stylefmt-6.0.3.tgz',
55 verbose addRemoteTarball   '0755600c353056258c6cfed0ff94c09dda016f7e' ]
56 info retry fetch attempt 1 at 12:42:28 AM
57 info attempt registry request try #1 at 12:42:28 AM
58 http fetch GET https://registry.npmjs.org/stylefmt/-/stylefmt-6.0.3.tgz
59 http fetch 200 https://registry.npmjs.org/stylefmt/-/stylefmt-6.0.3.tgz
60 silly fetchAndShaCheck shasum 0755600c353056258c6cfed0ff94c09dda016f7e
61 verbose addTmpTarball /tmp/npm-15783-8dc861bb/registry.npmjs.org/stylefmt/-/stylefmt-6.0.3.tgz not in flight; adding
62 verbose addTmpTarball already have metadata; skipping unpack for stylefmt@6.0.3
63 silly cache afterAdd stylefmt@6.0.3
64 verbose afterAdd /home/leandro/.npm/stylefmt/6.0.3/package/package.json not in flight; writing
65 verbose afterAdd /home/leandro/.npm/stylefmt/6.0.3/package/package.json written
66 silly fetchNamedPackageData css-color-list
67 silly mapToRegistry name css-color-list
68 silly mapToRegistry using default registry
69 silly mapToRegistry registry https://registry.npmjs.org/
70 silly mapToRegistry uri https://registry.npmjs.org/css-color-list
71 silly fetchNamedPackageData diff
72 silly mapToRegistry name diff
73 silly mapToRegistry using default registry
74 silly mapToRegistry registry https://registry.npmjs.org/
75 silly mapToRegistry uri https://registry.npmjs.org/diff
76 silly fetchNamedPackageData editorconfig
77 silly mapToRegistry name editorconfig
78 silly mapToRegistry using default registry
79 silly mapToRegistry registry https://registry.npmjs.org/
80 silly mapToRegistry uri https://registry.npmjs.org/editorconfig
81 silly fetchNamedPackageData getopts
82 silly mapToRegistry name getopts
83 silly mapToRegistry using default registry
84 silly mapToRegistry registry https://registry.npmjs.org/
85 silly mapToRegistry uri https://registry.npmjs.org/getopts
86 silly fetchNamedPackageData colorette
87 silly mapToRegistry name colorette
88 silly mapToRegistry using default registry
89 silly mapToRegistry registry https://registry.npmjs.org/
90 silly mapToRegistry uri https://registry.npmjs.org/colorette
91 silly fetchNamedPackageData globby
92 silly mapToRegistry name globby
93 silly mapToRegistry using default registry
94 silly mapToRegistry registry https://registry.npmjs.org/
95 silly mapToRegistry uri https://registry.npmjs.org/globby
96 silly fetchNamedPackageData postcss
97 silly mapToRegistry name postcss
98 silly mapToRegistry using default registry
99 silly mapToRegistry registry https://registry.npmjs.org/
100 silly mapToRegistry uri https://registry.npmjs.org/postcss
101 silly fetchNamedPackageData postcss-scss
102 silly mapToRegistry name postcss-scss
103 silly mapToRegistry using default registry
104 silly mapToRegistry registry https://registry.npmjs.org/
105 silly mapToRegistry uri https://registry.npmjs.org/postcss-scss
106 silly fetchNamedPackageData postcss-sorting
107 silly mapToRegistry name postcss-sorting
108 silly mapToRegistry using default registry
109 silly mapToRegistry registry https://registry.npmjs.org/
110 silly mapToRegistry uri https://registry.npmjs.org/postcss-sorting
111 silly fetchNamedPackageData postcss-value-parser
112 silly mapToRegistry name postcss-value-parser
113 silly mapToRegistry using default registry
114 silly mapToRegistry registry https://registry.npmjs.org/
115 silly mapToRegistry uri https://registry.npmjs.org/postcss-value-parser
116 silly fetchNamedPackageData stdin
117 silly mapToRegistry name stdin
118 silly mapToRegistry using default registry
119 silly mapToRegistry registry https://registry.npmjs.org/
120 silly mapToRegistry uri https://registry.npmjs.org/stdin
121 silly fetchNamedPackageData stylelint
122 silly mapToRegistry name stylelint
123 silly mapToRegistry using default registry
124 silly mapToRegistry registry https://registry.npmjs.org/
125 silly mapToRegistry uri https://registry.npmjs.org/stylelint
126 silly fetchNamedPackageData stylelint-order
127 silly mapToRegistry name stylelint-order
128 silly mapToRegistry using default registry
129 silly mapToRegistry registry https://registry.npmjs.org/
130 silly mapToRegistry uri https://registry.npmjs.org/stylelint-order
131 verbose request uri https://registry.npmjs.org/css-color-list
132 verbose request no auth needed
133 info attempt registry request try #1 at 12:42:29 AM
134 http request GET https://registry.npmjs.org/css-color-list
135 verbose request uri https://registry.npmjs.org/diff
136 verbose request no auth needed
137 info attempt registry request try #1 at 12:42:29 AM
138 http request GET https://registry.npmjs.org/diff
139 verbose request uri https://registry.npmjs.org/editorconfig
140 verbose request no auth needed
141 info attempt registry request try #1 at 12:42:29 AM
142 http request GET https://registry.npmjs.org/editorconfig
143 verbose request uri https://registry.npmjs.org/getopts
144 verbose request no auth needed
145 info attempt registry request try #1 at 12:42:29 AM
146 http request GET https://registry.npmjs.org/getopts
147 verbose request uri https://registry.npmjs.org/postcss-sorting
148 verbose request no auth needed
149 info attempt registry request try #1 at 12:42:29 AM
150 http request GET https://registry.npmjs.org/postcss-sorting
151 verbose request uri https://registry.npmjs.org/stdin
152 verbose request no auth needed
153 info attempt registry request try #1 at 12:42:29 AM
154 http request GET https://registry.npmjs.org/stdin
155 verbose request uri https://registry.npmjs.org/stylelint-order
156 verbose request no auth needed
157 info attempt registry request try #1 at 12:42:29 AM
158 http request GET https://registry.npmjs.org/stylelint-order
159 verbose request uri https://registry.npmjs.org/colorette
160 verbose request no auth needed
161 info attempt registry request try #1 at 12:42:29 AM
162 verbose etag W/"665ad403f25cfae166255a97f1ef22d0"
163 verbose lastModified Sun, 05 Jul 2020 13:33:21 GMT
164 http request GET https://registry.npmjs.org/colorette
165 verbose request uri https://registry.npmjs.org/postcss-scss
166 verbose request no auth needed
167 info attempt registry request try #1 at 12:42:29 AM
168 verbose etag W/"90c18895ae63a09a786236c935450f0d"
169 verbose lastModified Thu, 05 Nov 2020 16:38:51 GMT
170 http request GET https://registry.npmjs.org/postcss-scss
171 verbose request uri https://registry.npmjs.org/globby
172 verbose request no auth needed
173 info attempt registry request try #1 at 12:42:29 AM
174 verbose etag W/"d13d4b38b96f1f047fdfa11aec4ea519"
175 verbose lastModified Mon, 26 Oct 2020 21:52:34 GMT
176 http request GET https://registry.npmjs.org/globby
177 verbose request uri https://registry.npmjs.org/postcss
178 verbose request no auth needed
179 info attempt registry request try #1 at 12:42:29 AM
180 verbose etag W/"39beb1166f4dcafec7c854105251eb14"
181 verbose lastModified Mon, 23 Nov 2020 22:17:56 GMT
182 http request GET https://registry.npmjs.org/postcss
183 verbose request uri https://registry.npmjs.org/postcss-value-parser
184 verbose request no auth needed
185 info attempt registry request try #1 at 12:42:29 AM
186 verbose etag W/"ed949650f3ce96e09473b4f93ed363cd"
187 verbose lastModified Tue, 28 Apr 2020 14:11:57 GMT
188 http request GET https://registry.npmjs.org/postcss-value-parser
189 verbose request uri https://registry.npmjs.org/stylelint
190 verbose request no auth needed
191 info attempt registry request try #1 at 12:42:29 AM
192 verbose etag W/"7cb3e8a51e1f410b9834e242c2cbcabe"
193 verbose lastModified Tue, 17 Nov 2020 15:45:18 GMT
194 http request GET https://registry.npmjs.org/stylelint
195 http 304 https://registry.npmjs.org/colorette
196 verbose headers { date: 'Thu, 26 Nov 2020 00:42:36 GMT',
196 verbose headers   connection: 'keep-alive',
196 verbose headers   'set-cookie':
196 verbose headers    [ '__cfduid=d4e83358e9a1421851b194b474df408ef1606351356; expires=Sat, 26-Dec-20 00:42:36 GMT; path=/; domain=.npmjs.org; HttpOnly; SameSite=Lax' ],
196 verbose headers   'cf-ray': '5f7f920af8bfda6e-LIS',
196 verbose headers   age: '4901',
196 verbose headers   'cache-control': 'public, max-age=300',
196 verbose headers   etag: '"665ad403f25cfae166255a97f1ef22d0"',
196 verbose headers   'last-modified': 'Sun, 05 Jul 2020 13:33:21 GMT',
196 verbose headers   vary: 'Accept-Encoding',
196 verbose headers   'cf-cache-status': 'HIT',
196 verbose headers   'cf-request-id': '06a3999add0000da6ec8af7000000001',
196 verbose headers   'expect-ct': 'max-age=604800, report-uri="https://report-uri.cloudflare.com/cdn-cgi/beacon/expect-ct"',
196 verbose headers   server: 'cloudflare' }
197 silly get cb [ 304,
197 silly get   { date: 'Thu, 26 Nov 2020 00:42:36 GMT',
197 silly get     connection: 'keep-alive',
197 silly get     'set-cookie':
197 silly get      [ '__cfduid=d4e83358e9a1421851b194b474df408ef1606351356; expires=Sat, 26-Dec-20 00:42:36 GMT; path=/; domain=.npmjs.org; HttpOnly; SameSite=Lax' ],
197 silly get     'cf-ray': '5f7f920af8bfda6e-LIS',
197 silly get     age: '4901',
197 silly get     'cache-control': 'public, max-age=300',
197 silly get     etag: '"665ad403f25cfae166255a97f1ef22d0"',
197 silly get     'last-modified': 'Sun, 05 Jul 2020 13:33:21 GMT',
197 silly get     vary: 'Accept-Encoding',
197 silly get     'cf-cache-status': 'HIT',
197 silly get     'cf-request-id': '06a3999add0000da6ec8af7000000001',
197 silly get     'expect-ct': 'max-age=604800, report-uri="https://report-uri.cloudflare.com/cdn-cgi/beacon/expect-ct"',
197 silly get     server: 'cloudflare' } ]
198 verbose etag https://registry.npmjs.org/colorette from cache
199 verbose get saving colorette to /home/leandro/.npm/registry.npmjs.org/colorette/.cache.json
200 verbose stack Error: Missing required argument #1
200 verbose stack     at andLogAndFinish (/usr/share/npm/lib/fetch-package-metadata.js:31:3)
200 verbose stack     at fetchPackageMetadata (/usr/share/npm/lib/fetch-package-metadata.js:51:22)
200 verbose stack     at resolveWithNewModule (/usr/share/npm/lib/install/deps.js:456:12)
200 verbose stack     at /usr/share/npm/lib/install/deps.js:457:7
200 verbose stack     at /usr/share/npm/node_modules/iferr/index.js:13:50
200 verbose stack     at /usr/share/npm/lib/fetch-package-metadata.js:37:12
200 verbose stack     at addRequestedAndFinish (/usr/share/npm/lib/fetch-package-metadata.js:82:5)
200 verbose stack     at returnAndAddMetadata (/usr/share/npm/lib/fetch-package-metadata.js:117:7)
200 verbose stack     at pickVersionFromRegistryDocument (/usr/share/npm/lib/fetch-package-metadata.js:134:20)
200 verbose stack     at /usr/share/npm/node_modules/iferr/index.js:13:50
201 verbose cwd /home/leandro/Desktop/Microverse/ny-article
202 error Linux 5.4.0-54-generic
203 error argv "/usr/bin/node" "/usr/bin/npm" "install" "stylefmt"
204 error node v8.10.0
205 error npm  v3.5.2
206 error code EMISSINGARG
207 error typeerror Error: Missing required argument #1
207 error typeerror     at andLogAndFinish (/usr/share/npm/lib/fetch-package-metadata.js:31:3)
207 error typeerror     at fetchPackageMetadata (/usr/share/npm/lib/fetch-package-metadata.js:51:22)
207 error typeerror     at resolveWithNewModule (/usr/share/npm/lib/install/deps.js:456:12)
207 error typeerror     at /usr/share/npm/lib/install/deps.js:457:7
207 error typeerror     at /usr/share/npm/node_modules/iferr/index.js:13:50
207 error typeerror     at /usr/share/npm/lib/fetch-package-metadata.js:37:12
207 error typeerror     at addRequestedAndFinish (/usr/share/npm/lib/fetch-package-metadata.js:82:5)
207 error typeerror     at returnAndAddMetadata (/usr/share/npm/lib/fetch-package-metadata.js:117:7)
207 error typeerror     at pickVersionFromRegistryDocument (/usr/share/npm/lib/fetch-package-metadata.js:134:20)
207 error typeerror     at /usr/share/npm/node_modules/iferr/index.js:13:50
208 error typeerror This is an error with npm itself. Please report this error at:
208 error typeerror     <http://github.com/npm/npm/issues>
209 verbose exit [ 1, true ]
